<?xml version="1.0" encoding="UTF-8"?>
<testsuite xmlns:xsi="http://www.w3.org/2001/XMLSchema-instance" xsi:noNamespaceSchemaLocation="https://maven.apache.org/surefire/maven-surefire-plugin/xsd/surefire-test-report.xsd" version="3.0.2" name="br.com.TrustHelp.TrustHelpApplicationTests" time="6.159" tests="1" errors="0" skipped="0" failures="0">
  <properties>
[...]
</properties>
  <testcase name="contextLoads" classname="br.com.TrustHelp.TrustHelpApplicationTests" time="0.319">
    <system-out><![CDATA[08:07:35.351 [main] INFO org.springframework.test.context.support.AnnotationConfigContextLoaderUtils -- Could not detect default configuration classes for test class [br.com.TrustHelp.TrustHelpApplicationTests]: TrustHelpApplicationTests does not declare any static, non-private, non-final, nested classes annotated with @Configuration.
08:07:35.472 [main] INFO org.springframework.boot.test.context.SpringBootTestContextBootstrapper -- Found @SpringBootConfiguration br.com.TrustHelp.TrustHelpApplication for test class br.com.TrustHelp.TrustHelpApplicationTests

  .   ____          _            __ _ _
 /\\ / ___'_ __ _ _(_)_ __  __ _ \ \ \ \
( ( )\___ | '_ | '_| | '_ \/ _` | \ \ \ \
 \\/  ___)| |_)| | | | | || (_| |  ) ) ) )
  '  |____| .__|_| |_|_| |_\__, | / / / /
 =========|_|==============|___/=/_/_/_/

 :: Spring Boot ::                (v3.5.6)

2025-11-18T08:07:35.837-03:00  INFO 30148 --- [TrustHelp] [           main] b.c.TrustHelp.TrustHelpApplicationTests  : Starting TrustHelpApplicationTests using Java 25.0.1 with PID 30148 (started by rafae in C:\PIM\thelp_springboot_backend)
2025-11-18T08:07:35.838-03:00  INFO 30148 --- [TrustHelp] [           main] b.c.TrustHelp.TrustHelpApplicationTests  : No active profile set, falling back to 1 default profile: "default"
2025-11-18T08:07:36.478-03:00  INFO 30148 --- [TrustHelp] [           main] .s.d.r.c.RepositoryConfigurationDelegate : Bootstrapping Spring Data JPA repositories in DEFAULT mode.
2025-11-18T08:07:36.578-03:00  INFO 30148 --- [TrustHelp] [           main] .s.d.r.c.RepositoryConfigurationDelegate : Finished Spring Data repository scanning in 90 ms. Found 11 JPA repository interfaces.
2025-11-18T08:07:37.008-03:00  INFO 30148 --- [TrustHelp] [           main] com.zaxxer.hikari.HikariDataSource       : HikariPool-1 - Starting...
2025-11-18T08:07:37.479-03:00  INFO 30148 --- [TrustHelp] [           main] com.zaxxer.hikari.pool.HikariPool        : HikariPool-1 - Added connection org.postgresql.jdbc.PgConnection@21a46ff1
2025-11-18T08:07:37.481-03:00  INFO 30148 --- [TrustHelp] [           main] com.zaxxer.hikari.HikariDataSource       : HikariPool-1 - Start completed.
2025-11-18T08:07:37.521-03:00  INFO 30148 --- [TrustHelp] [           main] o.hibernate.jpa.internal.util.LogHelper  : HHH000204: Processing PersistenceUnitInfo [name: default]
2025-11-18T08:07:37.575-03:00  INFO 30148 --- [TrustHelp] [           main] org.hibernate.Version                    : HHH000412: Hibernate ORM core version 6.6.29.Final
2025-11-18T08:07:37.615-03:00  INFO 30148 --- [TrustHelp] [           main] o.h.c.internal.RegionFactoryInitiator    : HHH000026: Second-level cache disabled
2025-11-18T08:07:37.959-03:00  INFO 30148 --- [TrustHelp] [           main] o.s.o.j.p.SpringPersistenceUnitInfo      : No LoadTimeWeaver setup: ignoring JPA class transformer
2025-11-18T08:07:38.052-03:00  INFO 30148 --- [TrustHelp] [           main] org.hibernate.orm.connections.pooling    : HHH10001005: Database info:
	Database JDBC URL [Connecting through datasource 'HikariDataSource (HikariPool-1)']
	Database driver: undefined/unknown
	Database version: 18.0
	Autocommit mode: undefined/unknown
	Isolation level: undefined/unknown
	Minimum pool size: undefined/unknown
	Maximum pool size: undefined/unknown
2025-11-18T08:07:39.009-03:00  INFO 30148 --- [TrustHelp] [           main] o.h.e.t.j.p.i.JtaPlatformInitiator       : HHH000489: No JTA platform available (set 'hibernate.transaction.jta.platform' to enable JTA platform integration)
2025-11-18T08:07:39.012-03:00  INFO 30148 --- [TrustHelp] [           main] j.LocalContainerEntityManagerFactoryBean : Initialized JPA EntityManagerFactory for persistence unit 'default'
2025-11-18T08:07:39.035-03:00  WARN 30148 --- [TrustHelp] [           main] JpaBaseConfiguration$JpaWebConfiguration : spring.jpa.open-in-view is enabled by default. Therefore, database queries may be performed during view rendering. Explicitly configure spring.jpa.open-in-view to disable this warning
Inicializando serviços do servidor...
Database conectado com sucesso!
Servidor inicializado com sucesso!
2025-11-18T08:07:39.585-03:00  INFO 30148 --- [TrustHelp] [           main] o.s.d.j.r.query.QueryEnhancerFactory     : Hibernate is in classpath; If applicable, HQL parser will be used.
2025-11-18T08:07:41.045-03:00  INFO 30148 --- [TrustHelp] [           main] b.c.TrustHelp.TrustHelpApplicationTests  : Started TrustHelpApplicationTests in 5.451 seconds (process running for 6.349)
Aplicação TrustHelp iniciada!
Inicializando serviços do servidor...
Database conectado com sucesso!
Servidor inicializado com sucesso!
]]></system-out>
    <system-err><![CDATA[Mockito is currently self-attaching to enable the inline-mock-maker. This will no longer work in future releases of the JDK. Please add Mockito as an agent to your build as described in Mockito's documentation: https://javadoc.io/doc/org.mockito/mockito-core/latest/org.mockito/org/mockito/Mockito.html#0.3
WARNING: A Java agent has been loaded dynamically (C:\Users\rafae\.m2\repository\net\bytebuddy\byte-buddy-agent\1.17.7\byte-buddy-agent-1.17.7.jar)
WARNING: If a serviceability tool is in use, please run with -XX:+EnableDynamicAgentLoading to hide this warning
WARNING: If a serviceability tool is not in use, please run with -Djdk.instrument.traceUsage for more information
WARNING: Dynamic loading of agents will be disallowed by default in a future release
]]></system-err>
  </testcase>
</testsuite>